0 info it worked if it ends with ok
1 verbose cli [ 'C:\\Program Files\\nodejs\\\\node.exe',
1 verbose cli   'C:\\Program Files\\nodejs\\node_modules\\npm\\bin\\npm-cli.js',
1 verbose cli   'install',
1 verbose cli   'material-design',
1 verbose cli   '--save' ]
2 info using npm@1.4.28
3 info using node@v0.10.33
4 verbose node symlink C:\Program Files\nodejs\\node.exe
5 verbose readDependencies using package.json deps
6 verbose cache add [ 'material-design', null ]
7 verbose cache add name=undefined spec="material-design" args=["material-design",null]
8 verbose parsed url { protocol: null,
8 verbose parsed url   slashes: null,
8 verbose parsed url   auth: null,
8 verbose parsed url   host: null,
8 verbose parsed url   port: null,
8 verbose parsed url   hostname: null,
8 verbose parsed url   hash: null,
8 verbose parsed url   search: null,
8 verbose parsed url   query: null,
8 verbose parsed url   pathname: 'material-design',
8 verbose parsed url   path: 'material-design',
8 verbose parsed url   href: 'material-design' }
9 silly lockFile c78de6fc-material-design material-design
10 verbose lock material-design C:\Users\iluxa_000\AppData\Roaming\npm-cache\c78de6fc-material-design.lock
11 silly lockFile c78de6fc-material-design material-design
12 silly lockFile c78de6fc-material-design material-design
13 verbose addNamed [ 'material-design', '' ]
14 verbose addNamed [ null, '*' ]
15 silly lockFile 73509037-material-design material-design@
16 verbose lock material-design@ C:\Users\iluxa_000\AppData\Roaming\npm-cache\73509037-material-design.lock
17 silly addNameRange { name: 'material-design', range: '*', hasData: false }
18 verbose request where is /material-design
19 verbose request registry https://registry.npmjs.org/
20 verbose request id 6ffea16d92eacf32
21 verbose url raw /material-design
22 verbose url resolving [ 'https://registry.npmjs.org/', './material-design' ]
23 verbose url resolved https://registry.npmjs.org/material-design
24 verbose request where is https://registry.npmjs.org/material-design
25 info trying registry request attempt 1 at 21:47:26
26 http GET https://registry.npmjs.org/material-design
27 http 404 https://registry.npmjs.org/material-design
28 verbose headers { date: 'Fri, 23 Jan 2015 19:47:26 GMT',
28 verbose headers   server: 'CouchDB/1.5.0 (Erlang OTP/R16B03)',
28 verbose headers   'content-type': 'application/json',
28 verbose headers   'cache-control': 'max-age=0',
28 verbose headers   'content-length': '52',
28 verbose headers   'accept-ranges': 'bytes',
28 verbose headers   via: '1.1 varnish',
28 verbose headers   age: '0',
28 verbose headers   'x-served-by': 'cache-fra1244-FRA',
28 verbose headers   'x-cache': 'MISS',
28 verbose headers   'x-cache-hits': '0',
28 verbose headers   'x-timer': 'S1422042446.175786,VS0,VE202',
28 verbose headers   'keep-alive': 'timeout=10, max=50',
28 verbose headers   connection: 'Keep-Alive' }
29 silly registry.get cb [ 404,
29 silly registry.get   { date: 'Fri, 23 Jan 2015 19:47:26 GMT',
29 silly registry.get     server: 'CouchDB/1.5.0 (Erlang OTP/R16B03)',
29 silly registry.get     'content-type': 'application/json',
29 silly registry.get     'cache-control': 'max-age=0',
29 silly registry.get     'content-length': '52',
29 silly registry.get     'accept-ranges': 'bytes',
29 silly registry.get     via: '1.1 varnish',
29 silly registry.get     age: '0',
29 silly registry.get     'x-served-by': 'cache-fra1244-FRA',
29 silly registry.get     'x-cache': 'MISS',
29 silly registry.get     'x-cache-hits': '0',
29 silly registry.get     'x-timer': 'S1422042446.175786,VS0,VE202',
29 silly registry.get     'keep-alive': 'timeout=10, max=50',
29 silly registry.get     connection: 'Keep-Alive' } ]
30 silly lockFile 73509037-material-design material-design@
31 silly lockFile 73509037-material-design material-design@
32 error 404 404 Not Found: material-design
32 error 404
32 error 404 'material-design' is not in the npm registry.
32 error 404 You should bug the author to publish it
32 error 404 It was specified as a dependency of 'mern'
32 error 404
32 error 404 Note that you can also install from a
32 error 404 tarball, folder, or http url, or git url.
33 error System Windows_NT 6.2.9200
34 error command "C:\\Program Files\\nodejs\\\\node.exe" "C:\\Program Files\\nodejs\\node_modules\\npm\\bin\\npm-cli.js" "install" "material-design" "--save"
35 error cwd Z:\Dropbox\GIT\MERN
36 error node -v v0.10.33
37 error npm -v 1.4.28
38 error code E404
39 verbose exit [ 1, true ]
